using cuda
Namespace(aggressive=1, batch_size=32, cuda=True, dataset='ptb', dec_dropout_in=0.5, dec_dropout_out=0.5, dec_nh=256, dec_type='lstm', decode_from='', decode_input='', decoding_strategy='greedy', enc_nh=256, enc_type='lstm', epochs=100, eval=False, iw_nsamples=500, jobid=0, kl_start=0.1, label=False, load_path='', log_path='logs/ptb/ptb_aggressive1_kls0.10_warm10_0_0_783435.log', momentum=0, ni=300, nsamples=1, nz=32, save_path='models/ptb/ptb_aggressive1_kls0.10_warm10_0_0_783435.pt', seed=783435, taskid=0, test_data='/home/kujain/LanguageVAE/data/ptb.test.txt', test_nepoch=5, train_data='/home/kujain/LanguageVAE/data/ptb.train.txt', val_data='/home/kujain/LanguageVAE/data/ptb.valid.txt', warm_up=10)
Train data: 41996 samples
finish reading datasets, vocab size is 10002
dropped sentences: 72
epoch: 0, iter: 0, avg_loss: 110.5268, kl: 0.0000, mi: -0.0244, recon: 110.5268,au 0, time elapsed 1.26s
epoch: 0, iter: 131, avg_loss: 165.6084, kl: 18.2090, mi: 3.1120, recon: 147.3994,au 32, time elapsed 73.30s
epoch: 0, iter: 262, avg_loss: 166.7992, kl: 21.7660, mi: 3.2313, recon: 145.0332,au 32, time elapsed 136.11s
epoch: 0, iter: 393, avg_loss: 149.9496, kl: 22.9203, mi: 3.4272, recon: 127.0293,au 32, time elapsed 191.43s
epoch: 0, iter: 524, avg_loss: 147.5176, kl: 24.7751, mi: 3.2263, recon: 122.7425,au 32, time elapsed 244.66s
epoch: 0, iter: 655, avg_loss: 146.0796, kl: 25.6125, mi: 3.3238, recon: 120.4671,au 32, time elapsed 297.49s
epoch: 0, iter: 786, avg_loss: 149.7806, kl: 27.3965, mi: 3.2900, recon: 122.3841,au 32, time elapsed 350.39s
epoch: 0, iter: 917, avg_loss: 148.5589, kl: 27.6768, mi: 3.2366, recon: 120.8821,au 32, time elapsed 401.61s
epoch: 0, iter: 1048, avg_loss: 145.6216, kl: 28.6532, mi: 3.2220, recon: 116.9683,au 32, time elapsed 452.35s
epoch: 0, iter: 1179, avg_loss: 145.6224, kl: 28.8984, mi: 3.3545, recon: 116.7240,au 32, time elapsed 501.94s
epoch: 0, iter: 1310, avg_loss: 138.5451, kl: 28.4431, mi: 3.3816, recon: 110.1020,au 32, time elapsed 552.18s
pre mi:0.0000. cur mi:3.2491
kl weight 0.1918
VAL --- avg_loss: 135.9802, kl: 27.6823, mi: 3.3814, recon: 108.2979, nll: 135.9802, ppl: 507.3085
32 active units
update best loss
TEST --- avg_loss: 136.2057, kl: 27.5418, mi: 3.2204, recon: 108.6639, nll: 136.2057, ppl: 503.7559
epoch: 1, iter: 1441, avg_loss: 144.4111, kl: 29.4724, mi: 3.3269, recon: 114.9387,au 32, time elapsed 607.35s
epoch: 1, iter: 1572, avg_loss: 140.8946, kl: 29.2597, mi: 3.3048, recon: 111.6348,au 32, time elapsed 655.09s
epoch: 1, iter: 1703, avg_loss: 140.2068, kl: 28.3139, mi: 3.2193, recon: 111.8930,au 32, time elapsed 706.82s
epoch: 1, iter: 1834, avg_loss: 142.1843, kl: 28.1576, mi: 3.3264, recon: 114.0267,au 32, time elapsed 759.14s
epoch: 1, iter: 1965, avg_loss: 134.1893, kl: 27.9757, mi: 3.3996, recon: 106.2136,au 32, time elapsed 805.98s
epoch: 1, iter: 2096, avg_loss: 135.9862, kl: 28.0764, mi: 3.2920, recon: 107.9097,au 32, time elapsed 856.30s
epoch: 1, iter: 2227, avg_loss: 143.0032, kl: 27.6171, mi: 3.2540, recon: 115.3860,au 32, time elapsed 905.00s
epoch: 1, iter: 2358, avg_loss: 129.3344, kl: 27.0207, mi: 3.3152, recon: 102.3137,au 32, time elapsed 955.29s
epoch: 1, iter: 2489, avg_loss: 127.2049, kl: 26.6916, mi: 3.3578, recon: 100.5134,au 32, time elapsed 1003.92s
epoch: 1, iter: 2620, avg_loss: 136.3738, kl: 26.9643, mi: 3.1585, recon: 109.4095,au 32, time elapsed 1053.67s
pre mi:3.2491. cur mi:3.2061
STOP BURNING
kl weight 0.2835
VAL --- avg_loss: 128.5261, kl: 27.3558, mi: 3.3663, recon: 101.1703, nll: 128.5261, ppl: 360.5581
32 active units
update best loss
epoch: 2, iter: 2751, avg_loss: 130.4640, kl: 24.8282, recon: 105.6358,time elapsed 1076.15s
epoch: 2, iter: 2882, avg_loss: 139.2402, kl: 24.5257, recon: 114.7144,time elapsed 1077.35s
epoch: 2, iter: 3013, avg_loss: 133.5411, kl: 23.8209, recon: 109.7202,time elapsed 1078.47s
epoch: 2, iter: 3144, avg_loss: 120.3870, kl: 22.6536, recon: 97.7334,time elapsed 1079.66s
epoch: 2, iter: 3275, avg_loss: 136.5890, kl: 23.1334, recon: 113.4556,time elapsed 1080.92s
epoch: 2, iter: 3406, avg_loss: 132.3310, kl: 22.6559, recon: 109.6751,time elapsed 1082.13s
epoch: 2, iter: 3537, avg_loss: 122.0103, kl: 21.7097, recon: 100.3006,time elapsed 1083.26s
epoch: 2, iter: 3668, avg_loss: 131.4915, kl: 22.1705, recon: 109.3209,time elapsed 1084.43s
epoch: 2, iter: 3799, avg_loss: 129.9131, kl: 21.5001, recon: 108.4129,time elapsed 1085.66s
epoch: 2, iter: 3930, avg_loss: 127.4313, kl: 21.0863, recon: 106.3450,time elapsed 1086.97s
kl weight 0.3753
VAL --- avg_loss: 121.1437, kl: 20.9211, mi: 3.2809, recon: 100.2226, nll: 121.1437, ppl: 257.1014
32 active units
update best loss
epoch: 3, iter: 4061, avg_loss: 125.1959, kl: 20.8847, recon: 104.3111,time elapsed 1088.99s
epoch: 3, iter: 4192, avg_loss: 121.3990, kl: 20.4788, recon: 100.9202,time elapsed 1090.08s
epoch: 3, iter: 4323, avg_loss: 127.1602, kl: 20.5474, recon: 106.6129,time elapsed 1091.24s
epoch: 3, iter: 4454, avg_loss: 120.0441, kl: 19.5813, recon: 100.4628,time elapsed 1092.34s
epoch: 3, iter: 4585, avg_loss: 129.3431, kl: 19.7939, recon: 109.5493,time elapsed 1093.53s
epoch: 3, iter: 4716, avg_loss: 128.4556, kl: 19.2430, recon: 109.2126,time elapsed 1094.67s
epoch: 3, iter: 4847, avg_loss: 119.7323, kl: 18.4333, recon: 101.2989,time elapsed 1095.75s
epoch: 3, iter: 4978, avg_loss: 135.4944, kl: 18.4225, recon: 117.0718,time elapsed 1096.97s
epoch: 3, iter: 5109, avg_loss: 125.9265, kl: 17.7251, recon: 108.2014,time elapsed 1098.13s
epoch: 3, iter: 5240, avg_loss: 124.5451, kl: 17.3693, recon: 107.1759,time elapsed 1099.23s
kl weight 0.4670
VAL --- avg_loss: 118.3687, kl: 17.8699, mi: 3.3925, recon: 100.4988, nll: 118.3687, ppl: 226.4110
32 active units
update best loss
epoch: 4, iter: 5371, avg_loss: 107.4795, kl: 16.5914, recon: 90.8881,time elapsed 1101.23s
epoch: 4, iter: 5502, avg_loss: 117.9762, kl: 17.0414, recon: 100.9348,time elapsed 1102.34s
epoch: 4, iter: 5633, avg_loss: 119.5829, kl: 16.8950, recon: 102.6879,time elapsed 1103.42s
epoch: 4, iter: 5764, avg_loss: 120.3175, kl: 16.6232, recon: 103.6943,time elapsed 1104.51s
epoch: 4, iter: 5895, avg_loss: 129.8255, kl: 16.2716, recon: 113.5538,time elapsed 1105.64s
epoch: 4, iter: 6026, avg_loss: 112.1459, kl: 15.3293, recon: 96.8166,time elapsed 1106.69s
epoch: 4, iter: 6157, avg_loss: 127.4662, kl: 15.7399, recon: 111.7263,time elapsed 1107.84s
epoch: 4, iter: 6288, avg_loss: 131.5536, kl: 15.3348, recon: 116.2188,time elapsed 1109.04s
epoch: 4, iter: 6419, avg_loss: 121.2952, kl: 14.7477, recon: 106.5475,time elapsed 1110.12s
epoch: 4, iter: 6550, avg_loss: 121.6177, kl: 14.6223, recon: 106.9954,time elapsed 1111.22s
epoch: 4, iter: 6681, avg_loss: 123.8705, kl: 14.2384, recon: 109.6322,time elapsed 1112.36s
kl weight 0.5588
VAL --- avg_loss: 114.3541, kl: 13.0132, mi: 3.2850, recon: 101.3409, nll: 114.3541, ppl: 188.3773
31 active units
update best loss
epoch: 5, iter: 6812, avg_loss: 115.9405, kl: 13.8590, recon: 102.0814,time elapsed 1114.39s
epoch: 5, iter: 6943, avg_loss: 121.9318, kl: 13.7613, recon: 108.1705,time elapsed 1115.55s
epoch: 5, iter: 7074, avg_loss: 118.3367, kl: 13.3828, recon: 104.9539,time elapsed 1116.74s
epoch: 5, iter: 7205, avg_loss: 115.6345, kl: 13.2182, recon: 102.4163,time elapsed 1117.92s
epoch: 5, iter: 7336, avg_loss: 128.3363, kl: 13.0558, recon: 115.2806,time elapsed 1119.15s
epoch: 5, iter: 7467, avg_loss: 119.7834, kl: 12.5688, recon: 107.2146,time elapsed 1120.38s
epoch: 5, iter: 7598, avg_loss: 117.0969, kl: 12.2613, recon: 104.8356,time elapsed 1121.54s
epoch: 5, iter: 7729, avg_loss: 120.4378, kl: 12.0666, recon: 108.3712,time elapsed 1122.88s
epoch: 5, iter: 7860, avg_loss: 123.4084, kl: 11.7655, recon: 111.6430,time elapsed 1124.01s
epoch: 5, iter: 7991, avg_loss: 113.8071, kl: 11.1703, recon: 102.6368,time elapsed 1125.12s
kl weight 0.6505
VAL --- avg_loss: 113.7845, kl: 10.9878, mi: 3.2542, recon: 102.7967, nll: 113.7845, ppl: 183.5259
29 active units
update best loss
TEST --- avg_loss: 113.8130, kl: 10.8045, mi: 3.2955, recon: 103.0085, nll: 113.8130, ppl: 181.1193
epoch: 6, iter: 8122, avg_loss: 127.6366, kl: 11.6387, recon: 115.9980,time elapsed 1127.78s
epoch: 6, iter: 8253, avg_loss: 118.2660, kl: 11.0521, recon: 107.2139,time elapsed 1128.91s
epoch: 6, iter: 8384, avg_loss: 117.2666, kl: 10.6660, recon: 106.6006,time elapsed 1130.04s
epoch: 6, iter: 8515, avg_loss: 118.4284, kl: 10.3541, recon: 108.0744,time elapsed 1131.20s
epoch: 6, iter: 8646, avg_loss: 114.2335, kl: 10.1606, recon: 104.0729,time elapsed 1132.35s
epoch: 6, iter: 8777, avg_loss: 116.8731, kl: 10.0645, recon: 106.8086,time elapsed 1133.55s
epoch: 6, iter: 8908, avg_loss: 119.5945, kl: 9.6992, recon: 109.8953,time elapsed 1134.79s
epoch: 6, iter: 9039, avg_loss: 121.9471, kl: 9.5415, recon: 112.4057,time elapsed 1135.98s
epoch: 6, iter: 9170, avg_loss: 107.2361, kl: 8.8042, recon: 98.4319,time elapsed 1137.09s
epoch: 6, iter: 9301, avg_loss: 114.7063, kl: 8.9071, recon: 105.7993,time elapsed 1138.37s
kl weight 0.7423
VAL --- avg_loss: 111.9345, kl: 8.7237, mi: 3.2090, recon: 103.2107, nll: 111.9345, ppl: 168.6132
29 active units
update best loss
epoch: 7, iter: 9432, avg_loss: 122.6232, kl: 9.0919, recon: 113.5314,time elapsed 1140.61s
epoch: 7, iter: 9563, avg_loss: 118.0491, kl: 8.6065, recon: 109.4426,time elapsed 1141.77s
epoch: 7, iter: 9694, avg_loss: 119.0572, kl: 8.4909, recon: 110.5663,time elapsed 1142.88s
epoch: 7, iter: 9825, avg_loss: 108.6189, kl: 7.9765, recon: 100.6424,time elapsed 1143.95s
epoch: 7, iter: 9956, avg_loss: 111.9031, kl: 7.9651, recon: 103.9380,time elapsed 1145.11s
epoch: 7, iter: 10087, avg_loss: 115.9784, kl: 7.7450, recon: 108.2335,time elapsed 1146.21s
epoch: 7, iter: 10218, avg_loss: 121.3290, kl: 7.6317, recon: 113.6973,time elapsed 1147.31s
epoch: 7, iter: 10349, avg_loss: 114.7800, kl: 7.3649, recon: 107.4150,time elapsed 1148.46s
epoch: 7, iter: 10480, avg_loss: 118.4238, kl: 7.1223, recon: 111.3015,time elapsed 1149.65s
epoch: 7, iter: 10611, avg_loss: 120.1414, kl: 6.9792, recon: 113.1622,time elapsed 1150.83s
kl weight 0.8341
VAL --- avg_loss: 110.5854, kl: 6.9465, mi: 3.1329, recon: 103.6389, nll: 110.5854, ppl: 158.5085
29 active units
update best loss
epoch: 8, iter: 10742, avg_loss: 113.0525, kl: 6.7269, recon: 106.3256,time elapsed 1152.79s
epoch: 8, iter: 10873, avg_loss: 121.6487, kl: 6.6790, recon: 114.9697,time elapsed 1154.04s
epoch: 8, iter: 11004, avg_loss: 112.4769, kl: 6.3422, recon: 106.1347,time elapsed 1155.32s
epoch: 8, iter: 11135, avg_loss: 117.7215, kl: 6.2534, recon: 111.4681,time elapsed 1156.53s
epoch: 8, iter: 11266, avg_loss: 116.3087, kl: 6.0754, recon: 110.2333,time elapsed 1157.64s
epoch: 8, iter: 11397, avg_loss: 113.4197, kl: 5.7413, recon: 107.6784,time elapsed 1158.74s
epoch: 8, iter: 11528, avg_loss: 112.7025, kl: 5.6624, recon: 107.0400,time elapsed 1159.93s
epoch: 8, iter: 11659, avg_loss: 122.2482, kl: 5.7110, recon: 116.5372,time elapsed 1161.16s
epoch: 8, iter: 11790, avg_loss: 108.0550, kl: 5.2743, recon: 102.7808,time elapsed 1162.31s
epoch: 8, iter: 11921, avg_loss: 112.7244, kl: 5.3437, recon: 107.3807,time elapsed 1163.39s
kl weight 0.9258
VAL --- avg_loss: 109.3205, kl: 4.6162, mi: 2.6855, recon: 104.7043, nll: 109.3205, ppl: 149.5850
27 active units
update best loss
epoch: 9, iter: 12052, avg_loss: 111.3630, kl: 4.7395, recon: 106.6235,time elapsed 1165.33s
epoch: 9, iter: 12183, avg_loss: 117.8908, kl: 5.0896, recon: 112.8012,time elapsed 1166.48s
epoch: 9, iter: 12314, avg_loss: 110.6129, kl: 4.8667, recon: 105.7462,time elapsed 1167.58s
epoch: 9, iter: 12445, avg_loss: 115.0855, kl: 4.7977, recon: 110.2878,time elapsed 1168.73s
epoch: 9, iter: 12576, avg_loss: 108.3301, kl: 4.5283, recon: 103.8019,time elapsed 1169.85s
epoch: 9, iter: 12707, avg_loss: 113.1659, kl: 4.4712, recon: 108.6946,time elapsed 1171.00s
epoch: 9, iter: 12838, avg_loss: 114.6480, kl: 4.3250, recon: 110.3231,time elapsed 1172.14s
epoch: 9, iter: 12969, avg_loss: 113.3711, kl: 4.1157, recon: 109.2555,time elapsed 1173.28s
epoch: 9, iter: 13100, avg_loss: 121.8444, kl: 4.0030, recon: 117.8414,time elapsed 1174.46s
epoch: 9, iter: 13231, avg_loss: 109.3783, kl: 3.6906, recon: 105.6877,time elapsed 1175.58s
epoch: 9, iter: 13362, avg_loss: 118.3500, kl: 3.7733, recon: 114.5766,time elapsed 1176.85s
kl weight 1.0000
VAL --- avg_loss: 109.0519, kl: 3.5865, mi: 2.2115, recon: 105.4654, nll: 109.0519, ppl: 147.7556
24 active units
update best loss
epoch: 10, iter: 13493, avg_loss: 115.2478, kl: 3.8097, recon: 111.4381,time elapsed 1178.98s
epoch: 10, iter: 13624, avg_loss: 117.3064, kl: 3.7502, recon: 113.5561,time elapsed 1180.20s
epoch: 10, iter: 13755, avg_loss: 117.0153, kl: 3.7895, recon: 113.2257,time elapsed 1181.40s
epoch: 10, iter: 13886, avg_loss: 111.9578, kl: 3.5463, recon: 108.4115,time elapsed 1182.57s
epoch: 10, iter: 14017, avg_loss: 107.1538, kl: 3.4186, recon: 103.7352,time elapsed 1183.63s
epoch: 10, iter: 14148, avg_loss: 118.0038, kl: 3.4464, recon: 114.5574,time elapsed 1184.74s
epoch: 10, iter: 14279, avg_loss: 111.8942, kl: 3.3617, recon: 108.5324,time elapsed 1185.83s
epoch: 10, iter: 14410, avg_loss: 109.2406, kl: 3.2879, recon: 105.9527,time elapsed 1186.94s
epoch: 10, iter: 14541, avg_loss: 111.6124, kl: 3.2810, recon: 108.3314,time elapsed 1188.07s
epoch: 10, iter: 14672, avg_loss: 112.3142, kl: 3.2366, recon: 109.0776,time elapsed 1189.24s
kl weight 1.0000
VAL --- avg_loss: 108.6917, kl: 3.0704, mi: 2.0894, recon: 105.6213, nll: 108.6917, ppl: 145.3374
24 active units
update best loss
TEST --- avg_loss: 108.2799, kl: 2.9608, mi: 2.0042, recon: 105.3191, nll: 108.2799, ppl: 140.6673
epoch: 11, iter: 14803, avg_loss: 112.2988, kl: 3.2334, recon: 109.0655,time elapsed 1192.03s
epoch: 11, iter: 14934, avg_loss: 112.9479, kl: 3.2796, recon: 109.6682,time elapsed 1193.13s
epoch: 11, iter: 15065, avg_loss: 108.8666, kl: 3.1955, recon: 105.6711,time elapsed 1194.26s
epoch: 11, iter: 15196, avg_loss: 113.3368, kl: 3.1452, recon: 110.1916,time elapsed 1195.44s
epoch: 11, iter: 15327, avg_loss: 114.6969, kl: 3.1571, recon: 111.5398,time elapsed 1196.53s
epoch: 11, iter: 15458, avg_loss: 120.2810, kl: 3.1761, recon: 117.1049,time elapsed 1197.64s
epoch: 11, iter: 15589, avg_loss: 114.8087, kl: 3.0559, recon: 111.7528,time elapsed 1198.81s
epoch: 11, iter: 15720, avg_loss: 113.1473, kl: 3.0166, recon: 110.1306,time elapsed 1199.91s
epoch: 11, iter: 15851, avg_loss: 113.3540, kl: 3.0799, recon: 110.2740,time elapsed 1200.98s
epoch: 11, iter: 15982, avg_loss: 105.1295, kl: 2.8852, recon: 102.2443,time elapsed 1202.08s
kl weight 1.0000
VAL --- avg_loss: 107.7167, kl: 3.0452, mi: 2.1285, recon: 104.6715, nll: 107.7167, ppl: 138.9892
20 active units
update best loss
epoch: 12, iter: 16113, avg_loss: 111.4313, kl: 2.9301, recon: 108.5012,time elapsed 1204.05s
epoch: 12, iter: 16244, avg_loss: 111.8565, kl: 2.9355, recon: 108.9210,time elapsed 1205.25s
epoch: 12, iter: 16375, avg_loss: 110.2835, kl: 2.8433, recon: 107.4402,time elapsed 1206.39s
epoch: 12, iter: 16506, avg_loss: 112.6780, kl: 2.9776, recon: 109.7004,time elapsed 1207.57s
epoch: 12, iter: 16637, avg_loss: 109.6252, kl: 2.8964, recon: 106.7289,time elapsed 1208.64s
epoch: 12, iter: 16768, avg_loss: 106.6997, kl: 2.7140, recon: 103.9857,time elapsed 1209.75s
epoch: 12, iter: 16899, avg_loss: 118.5295, kl: 2.8893, recon: 115.6402,time elapsed 1210.94s
epoch: 12, iter: 17030, avg_loss: 116.4993, kl: 2.7635, recon: 113.7358,time elapsed 1212.06s
epoch: 12, iter: 17161, avg_loss: 111.4222, kl: 2.6549, recon: 108.7673,time elapsed 1213.14s
epoch: 12, iter: 17292, avg_loss: 108.2993, kl: 2.6109, recon: 105.6884,time elapsed 1214.22s
kl weight 1.0000
VAL --- avg_loss: 107.5908, kl: 2.6318, mi: 1.8331, recon: 104.9590, nll: 107.5908, ppl: 138.1897
18 active units
update best loss
epoch: 13, iter: 17423, avg_loss: 113.5309, kl: 2.6175, recon: 110.9134,time elapsed 1216.25s
epoch: 13, iter: 17554, avg_loss: 109.3920, kl: 2.6698, recon: 106.7222,time elapsed 1217.59s
epoch: 13, iter: 17685, avg_loss: 107.1598, kl: 2.5713, recon: 104.5885,time elapsed 1218.87s
epoch: 13, iter: 17816, avg_loss: 105.2363, kl: 2.5539, recon: 102.6824,time elapsed 1220.10s
epoch: 13, iter: 17947, avg_loss: 106.5977, kl: 2.4539, recon: 104.1439,time elapsed 1221.35s
epoch: 13, iter: 18078, avg_loss: 113.8531, kl: 2.5603, recon: 111.2928,time elapsed 1222.50s
epoch: 13, iter: 18209, avg_loss: 114.0512, kl: 2.5725, recon: 111.4787,time elapsed 1223.59s
epoch: 13, iter: 18340, avg_loss: 119.0784, kl: 2.6621, recon: 116.4163,time elapsed 1224.70s
epoch: 13, iter: 18471, avg_loss: 117.4471, kl: 2.6280, recon: 114.8190,time elapsed 1225.84s
epoch: 13, iter: 18602, avg_loss: 117.1749, kl: 2.5754, recon: 114.5995,time elapsed 1226.94s
kl weight 1.0000
VAL --- avg_loss: 107.7024, kl: 2.5942, mi: 1.7151, recon: 105.1082, nll: 107.7024, ppl: 138.8983
16 active units
epoch: 14, iter: 18733, avg_loss: 127.9253, kl: 2.5959, recon: 125.3294,time elapsed 1228.74s
epoch: 14, iter: 18864, avg_loss: 104.5128, kl: 2.4612, recon: 102.0516,time elapsed 1229.85s
epoch: 14, iter: 18995, avg_loss: 108.2224, kl: 2.4337, recon: 105.7887,time elapsed 1231.04s
epoch: 14, iter: 19126, avg_loss: 115.9956, kl: 2.5357, recon: 113.4599,time elapsed 1232.20s
epoch: 14, iter: 19257, avg_loss: 109.0926, kl: 2.4429, recon: 106.6496,time elapsed 1233.64s
epoch: 14, iter: 19388, avg_loss: 113.7425, kl: 2.4565, recon: 111.2860,time elapsed 1234.86s
epoch: 14, iter: 19519, avg_loss: 109.7463, kl: 2.3232, recon: 107.4232,time elapsed 1236.06s
epoch: 14, iter: 19650, avg_loss: 114.5987, kl: 2.4370, recon: 112.1617,time elapsed 1237.35s
epoch: 14, iter: 19781, avg_loss: 111.6168, kl: 2.3567, recon: 109.2602,time elapsed 1238.55s
epoch: 14, iter: 19912, avg_loss: 116.6303, kl: 2.3749, recon: 114.2555,time elapsed 1239.78s
epoch: 14, iter: 20043, avg_loss: 108.4360, kl: 2.2797, recon: 106.1563,time elapsed 1240.89s
kl weight 1.0000
VAL --- avg_loss: 106.7038, kl: 2.1387, mi: 1.5751, recon: 104.5651, nll: 106.7038, ppl: 132.6873
14 active units
update best loss
epoch: 15, iter: 20174, avg_loss: 104.5645, kl: 2.2322, recon: 102.3324,time elapsed 1242.94s
epoch: 15, iter: 20305, avg_loss: 112.5560, kl: 2.3179, recon: 110.2382,time elapsed 1244.09s
epoch: 15, iter: 20436, avg_loss: 111.9784, kl: 2.3115, recon: 109.6669,time elapsed 1245.21s
epoch: 15, iter: 20567, avg_loss: 113.1753, kl: 2.2637, recon: 110.9116,time elapsed 1246.37s
epoch: 15, iter: 20698, avg_loss: 109.1632, kl: 2.1962, recon: 106.9670,time elapsed 1247.46s
epoch: 15, iter: 20829, avg_loss: 110.4011, kl: 2.1967, recon: 108.2043,time elapsed 1248.59s
epoch: 15, iter: 20960, avg_loss: 107.3105, kl: 2.1904, recon: 105.1201,time elapsed 1249.86s
epoch: 15, iter: 21091, avg_loss: 114.0238, kl: 2.2825, recon: 111.7413,time elapsed 1251.05s
epoch: 15, iter: 21222, avg_loss: 108.8997, kl: 2.1419, recon: 106.7578,time elapsed 1252.16s
epoch: 15, iter: 21353, avg_loss: 113.0098, kl: 2.1810, recon: 110.8288,time elapsed 1253.26s
kl weight 1.0000
VAL --- avg_loss: 106.5330, kl: 2.1615, mi: 1.6019, recon: 104.3715, nll: 106.5330, ppl: 131.6531
12 active units
update best loss
TEST --- avg_loss: 106.0296, kl: 2.0640, mi: 1.4775, recon: 103.9657, nll: 106.0296, ppl: 126.9256
epoch: 16, iter: 21484, avg_loss: 95.1750, kl: 2.1109, recon: 93.0640,time elapsed 1255.72s
epoch: 16, iter: 21615, avg_loss: 111.4672, kl: 2.2063, recon: 109.2609,time elapsed 1256.82s
epoch: 16, iter: 21746, avg_loss: 106.3311, kl: 2.0399, recon: 104.2911,time elapsed 1257.89s
epoch: 16, iter: 21877, avg_loss: 113.6109, kl: 2.1877, recon: 111.4232,time elapsed 1259.03s
epoch: 16, iter: 22008, avg_loss: 110.7626, kl: 2.1192, recon: 108.6434,time elapsed 1260.13s
epoch: 16, iter: 22139, avg_loss: 112.3884, kl: 2.1314, recon: 110.2570,time elapsed 1261.29s
epoch: 16, iter: 22270, avg_loss: 111.3561, kl: 2.1634, recon: 109.1927,time elapsed 1262.50s
epoch: 16, iter: 22401, avg_loss: 113.1311, kl: 2.1630, recon: 110.9681,time elapsed 1263.63s
epoch: 16, iter: 22532, avg_loss: 116.5637, kl: 2.2129, recon: 114.3507,time elapsed 1264.76s
epoch: 16, iter: 22663, avg_loss: 113.1068, kl: 2.0568, recon: 111.0499,time elapsed 1265.87s
kl weight 1.0000
VAL --- avg_loss: 106.9080, kl: 1.9990, mi: 1.6166, recon: 104.9090, nll: 106.9080, ppl: 133.9345
10 active units
epoch: 17, iter: 22794, avg_loss: 106.6120, kl: 2.0800, recon: 104.5320,time elapsed 1267.66s
epoch: 17, iter: 22925, avg_loss: 108.5940, kl: 2.1484, recon: 106.4456,time elapsed 1268.72s
epoch: 17, iter: 23056, avg_loss: 118.0124, kl: 2.1051, recon: 115.9073,time elapsed 1269.83s
epoch: 17, iter: 23187, avg_loss: 111.0560, kl: 2.0164, recon: 109.0395,time elapsed 1270.90s
epoch: 17, iter: 23318, avg_loss: 115.7925, kl: 2.0346, recon: 113.7578,time elapsed 1272.00s
epoch: 17, iter: 23449, avg_loss: 98.5534, kl: 1.9005, recon: 96.6529,time elapsed 1273.03s
epoch: 17, iter: 23580, avg_loss: 109.5815, kl: 2.0327, recon: 107.5487,time elapsed 1274.15s
epoch: 17, iter: 23711, avg_loss: 109.6188, kl: 1.9792, recon: 107.6396,time elapsed 1275.26s
epoch: 17, iter: 23842, avg_loss: 105.1254, kl: 1.9605, recon: 103.1649,time elapsed 1276.30s
epoch: 17, iter: 23973, avg_loss: 117.3065, kl: 1.9849, recon: 115.3215,time elapsed 1277.42s
kl weight 1.0000
VAL --- avg_loss: 106.4485, kl: 2.0844, mi: 1.6105, recon: 104.3640, nll: 106.4485, ppl: 131.1443
10 active units
update best loss
epoch: 18, iter: 24104, avg_loss: 111.4511, kl: 2.0508, recon: 109.4003,time elapsed 1279.31s
epoch: 18, iter: 24235, avg_loss: 113.1531, kl: 2.1127, recon: 111.0404,time elapsed 1280.39s
epoch: 18, iter: 24366, avg_loss: 109.7627, kl: 1.9673, recon: 107.7954,time elapsed 1281.46s
epoch: 18, iter: 24497, avg_loss: 102.9407, kl: 1.9223, recon: 101.0184,time elapsed 1282.49s
epoch: 18, iter: 24628, avg_loss: 104.7780, kl: 1.9305, recon: 102.8475,time elapsed 1283.65s
epoch: 18, iter: 24759, avg_loss: 114.4575, kl: 2.0076, recon: 112.4499,time elapsed 1284.91s
epoch: 18, iter: 24890, avg_loss: 104.8261, kl: 1.8607, recon: 102.9654,time elapsed 1286.07s
epoch: 18, iter: 25021, avg_loss: 115.2971, kl: 2.0489, recon: 113.2482,time elapsed 1287.30s
epoch: 18, iter: 25152, avg_loss: 107.3012, kl: 1.9194, recon: 105.3817,time elapsed 1288.45s
epoch: 18, iter: 25283, avg_loss: 112.2412, kl: 1.9722, recon: 110.2690,time elapsed 1289.66s
epoch: 18, iter: 25414, avg_loss: 113.0742, kl: 1.9327, recon: 111.1415,time elapsed 1290.79s
kl weight 1.0000
VAL --- avg_loss: 106.5162, kl: 1.9686, mi: 1.6506, recon: 104.5476, nll: 106.5162, ppl: 131.5518
10 active units
epoch: 19, iter: 25545, avg_loss: 107.7624, kl: 1.9744, recon: 105.7879,time elapsed 1292.69s
epoch: 19, iter: 25676, avg_loss: 117.3476, kl: 1.9996, recon: 115.3480,time elapsed 1293.85s
epoch: 19, iter: 25807, avg_loss: 104.4345, kl: 1.9157, recon: 102.5188,time elapsed 1294.95s
epoch: 19, iter: 25938, avg_loss: 113.7395, kl: 1.9711, recon: 111.7684,time elapsed 1296.09s
epoch: 19, iter: 26069, avg_loss: 109.5711, kl: 1.9351, recon: 107.6359,time elapsed 1297.24s
epoch: 19, iter: 26200, avg_loss: 108.3584, kl: 1.8846, recon: 106.4738,time elapsed 1298.34s
epoch: 19, iter: 26331, avg_loss: 101.8504, kl: 1.8241, recon: 100.0263,time elapsed 1299.43s
epoch: 19, iter: 26462, avg_loss: 112.7130, kl: 1.9597, recon: 110.7533,time elapsed 1300.53s
epoch: 19, iter: 26593, avg_loss: 109.7637, kl: 1.9455, recon: 107.8182,time elapsed 1301.62s
epoch: 19, iter: 26724, avg_loss: 107.0562, kl: 1.8901, recon: 105.1661,time elapsed 1302.68s
kl weight 1.0000
VAL --- avg_loss: 106.0297, kl: 1.7644, mi: 1.4757, recon: 104.2653, nll: 106.0297, ppl: 128.6526
8 active units
update best loss
epoch: 20, iter: 26855, avg_loss: 102.3137, kl: 1.9049, recon: 100.4088,time elapsed 1304.55s
epoch: 20, iter: 26986, avg_loss: 107.1680, kl: 1.9157, recon: 105.2523,time elapsed 1305.62s
epoch: 20, iter: 27117, avg_loss: 114.0975, kl: 1.9130, recon: 112.1845,time elapsed 1306.75s
epoch: 20, iter: 27248, avg_loss: 112.2307, kl: 1.9355, recon: 110.2952,time elapsed 1307.93s
epoch: 20, iter: 27379, avg_loss: 112.9038, kl: 1.8958, recon: 111.0080,time elapsed 1309.12s
epoch: 20, iter: 27510, avg_loss: 112.4043, kl: 1.9216, recon: 110.4827,time elapsed 1310.33s
epoch: 20, iter: 27641, avg_loss: 103.8829, kl: 1.7756, recon: 102.1073,time elapsed 1311.47s
epoch: 20, iter: 27772, avg_loss: 103.6567, kl: 1.8480, recon: 101.8087,time elapsed 1312.62s
epoch: 20, iter: 27903, avg_loss: 105.0418, kl: 1.8693, recon: 103.1725,time elapsed 1313.70s
epoch: 20, iter: 28034, avg_loss: 107.2929, kl: 1.8503, recon: 105.4426,time elapsed 1314.88s
kl weight 1.0000
VAL --- avg_loss: 107.4117, kl: 1.5515, mi: 1.2042, recon: 105.8601, nll: 107.4117, ppl: 137.0605
6 active units
TEST --- avg_loss: 107.0785, kl: 1.4883, mi: 1.2122, recon: 105.5903, nll: 107.0785, ppl: 133.1553
epoch: 21, iter: 28165, avg_loss: 110.0515, kl: 1.8846, recon: 108.1669,time elapsed 1317.27s
epoch: 21, iter: 28296, avg_loss: 110.3954, kl: 1.9153, recon: 108.4801,time elapsed 1318.40s
epoch: 21, iter: 28427, avg_loss: 106.2261, kl: 1.8062, recon: 104.4199,time elapsed 1319.50s
epoch: 21, iter: 28558, avg_loss: 107.9810, kl: 1.8822, recon: 106.0989,time elapsed 1320.66s
epoch: 21, iter: 28689, avg_loss: 115.3424, kl: 1.9195, recon: 113.4229,time elapsed 1321.77s
epoch: 21, iter: 28820, avg_loss: 109.8004, kl: 1.8902, recon: 107.9102,time elapsed 1322.92s
epoch: 21, iter: 28951, avg_loss: 105.3144, kl: 1.8125, recon: 103.5019,time elapsed 1323.98s
epoch: 21, iter: 29082, avg_loss: 104.7004, kl: 1.7836, recon: 102.9168,time elapsed 1325.04s
epoch: 21, iter: 29213, avg_loss: 103.6043, kl: 1.7921, recon: 101.8122,time elapsed 1326.08s
epoch: 21, iter: 29344, avg_loss: 114.5693, kl: 1.8893, recon: 112.6801,time elapsed 1327.24s
kl weight 1.0000
VAL --- avg_loss: 105.6990, kl: 1.7521, mi: 1.3511, recon: 103.9469, nll: 105.6990, ppl: 126.7182
6 active units
update best loss
epoch: 22, iter: 29475, avg_loss: 103.9866, kl: 1.8177, recon: 102.1689,time elapsed 1329.22s
epoch: 22, iter: 29606, avg_loss: 105.5716, kl: 1.8470, recon: 103.7247,time elapsed 1330.39s
epoch: 22, iter: 29737, avg_loss: 106.6412, kl: 1.8605, recon: 104.7807,time elapsed 1331.59s
epoch: 22, iter: 29868, avg_loss: 111.0402, kl: 1.9278, recon: 109.1123,time elapsed 1332.82s
epoch: 22, iter: 29999, avg_loss: 109.8260, kl: 1.8792, recon: 107.9468,time elapsed 1334.04s
epoch: 22, iter: 30130, avg_loss: 106.3593, kl: 1.8228, recon: 104.5366,time elapsed 1335.23s
epoch: 22, iter: 30261, avg_loss: 105.3175, kl: 1.8365, recon: 103.4811,time elapsed 1336.35s
epoch: 22, iter: 30392, avg_loss: 105.8296, kl: 1.8135, recon: 104.0161,time elapsed 1337.44s
epoch: 22, iter: 30523, avg_loss: 104.1530, kl: 1.7828, recon: 102.3703,time elapsed 1338.57s
epoch: 22, iter: 30654, avg_loss: 121.6250, kl: 1.9027, recon: 119.7223,time elapsed 1339.74s
kl weight 1.0000
VAL --- avg_loss: 107.3261, kl: 1.6591, mi: 1.4507, recon: 105.6670, nll: 107.3261, ppl: 136.5242
6 active units
epoch: 23, iter: 30785, avg_loss: 96.0080, kl: 1.6567, recon: 94.3513,time elapsed 1341.59s
epoch: 23, iter: 30916, avg_loss: 109.3367, kl: 1.8686, recon: 107.4681,time elapsed 1342.68s
epoch: 23, iter: 31047, avg_loss: 110.0955, kl: 1.8506, recon: 108.2449,time elapsed 1343.75s
epoch: 23, iter: 31178, avg_loss: 104.5262, kl: 1.7956, recon: 102.7306,time elapsed 1344.82s
epoch: 23, iter: 31309, avg_loss: 106.8905, kl: 1.8151, recon: 105.0754,time elapsed 1345.88s
epoch: 23, iter: 31440, avg_loss: 104.1922, kl: 1.7845, recon: 102.4077,time elapsed 1347.00s
epoch: 23, iter: 31571, avg_loss: 112.4438, kl: 1.8809, recon: 110.5629,time elapsed 1348.21s
epoch: 23, iter: 31702, avg_loss: 107.4064, kl: 1.8312, recon: 105.5752,time elapsed 1349.33s
epoch: 23, iter: 31833, avg_loss: 112.7426, kl: 1.7696, recon: 110.9730,time elapsed 1350.43s
epoch: 23, iter: 31964, avg_loss: 103.0928, kl: 1.7420, recon: 101.3507,time elapsed 1351.53s
epoch: 23, iter: 32095, avg_loss: 115.1026, kl: 1.8505, recon: 113.2521,time elapsed 1352.62s
kl weight 1.0000
VAL --- avg_loss: 105.6210, kl: 1.7001, mi: 1.2950, recon: 103.9209, nll: 105.6210, ppl: 126.2664
5 active units
update best loss
epoch: 24, iter: 32226, avg_loss: 97.9106, kl: 1.7694, recon: 96.1412,time elapsed 1354.55s
epoch: 24, iter: 32357, avg_loss: 108.2820, kl: 1.8155, recon: 106.4665,time elapsed 1355.74s
epoch: 24, iter: 32488, avg_loss: 109.9416, kl: 1.8257, recon: 108.1159,time elapsed 1356.86s
epoch: 24, iter: 32619, avg_loss: 111.2883, kl: 1.8545, recon: 109.4338,time elapsed 1357.97s
epoch: 24, iter: 32750, avg_loss: 117.6960, kl: 1.8716, recon: 115.8243,time elapsed 1359.09s
epoch: 24, iter: 32881, avg_loss: 110.6775, kl: 1.8135, recon: 108.8640,time elapsed 1360.20s
epoch: 24, iter: 33012, avg_loss: 106.0145, kl: 1.7998, recon: 104.2147,time elapsed 1361.27s
epoch: 24, iter: 33143, avg_loss: 99.9962, kl: 1.7356, recon: 98.2606,time elapsed 1362.32s
epoch: 24, iter: 33274, avg_loss: 101.2058, kl: 1.7462, recon: 99.4596,time elapsed 1363.37s
epoch: 24, iter: 33405, avg_loss: 116.2873, kl: 1.8077, recon: 114.4797,time elapsed 1364.61s
kl weight 1.0000
VAL --- avg_loss: 108.1683, kl: 1.7603, mi: 1.3686, recon: 106.4080, nll: 108.1683, ppl: 141.8940
5 active units
epoch: 25, iter: 33536, avg_loss: 117.5080, kl: 1.8576, recon: 115.6504,time elapsed 1366.43s
epoch: 25, iter: 33667, avg_loss: 109.9761, kl: 1.7772, recon: 108.1989,time elapsed 1367.65s
epoch: 25, iter: 33798, avg_loss: 107.7986, kl: 1.7535, recon: 106.0451,time elapsed 1368.76s
epoch: 25, iter: 33929, avg_loss: 103.4707, kl: 1.7343, recon: 101.7364,time elapsed 1369.85s
epoch: 25, iter: 34060, avg_loss: 110.9734, kl: 1.7992, recon: 109.1742,time elapsed 1371.05s
epoch: 25, iter: 34191, avg_loss: 108.4666, kl: 1.7602, recon: 106.7065,time elapsed 1372.15s
epoch: 25, iter: 34322, avg_loss: 105.6947, kl: 1.7439, recon: 103.9508,time elapsed 1373.23s
epoch: 25, iter: 34453, avg_loss: 107.0982, kl: 1.7363, recon: 105.3619,time elapsed 1374.31s
epoch: 25, iter: 34584, avg_loss: 103.4756, kl: 1.7557, recon: 101.7199,time elapsed 1375.37s
epoch: 25, iter: 34715, avg_loss: 106.5778, kl: 1.7453, recon: 104.8325,time elapsed 1376.50s
kl weight 1.0000
VAL --- avg_loss: 105.6864, kl: 1.4858, mi: 1.2475, recon: 104.2006, nll: 105.6864, ppl: 126.6453
4 active units
new lr: 0.500000
TEST --- avg_loss: 105.4247, kl: 1.6431, mi: 1.3991, recon: 103.7816, nll: 105.4247, ppl: 123.4661
epoch: 26, iter: 34846, avg_loss: 102.3458, kl: 1.7229, recon: 100.6229,time elapsed 1379.00s
epoch: 26, iter: 34977, avg_loss: 102.7118, kl: 1.8263, recon: 100.8856,time elapsed 1380.18s
epoch: 26, iter: 35108, avg_loss: 103.7950, kl: 1.8429, recon: 101.9521,time elapsed 1381.33s
epoch: 26, iter: 35239, avg_loss: 105.1222, kl: 1.8727, recon: 103.2495,time elapsed 1382.40s
epoch: 26, iter: 35370, avg_loss: 105.1691, kl: 1.9117, recon: 103.2574,time elapsed 1383.54s
epoch: 26, iter: 35501, avg_loss: 108.3856, kl: 1.8793, recon: 106.5064,time elapsed 1384.64s
epoch: 26, iter: 35632, avg_loss: 99.8121, kl: 1.8377, recon: 97.9744,time elapsed 1385.71s
epoch: 26, iter: 35763, avg_loss: 110.9950, kl: 1.8811, recon: 109.1138,time elapsed 1386.94s
epoch: 26, iter: 35894, avg_loss: 101.2268, kl: 1.8047, recon: 99.4221,time elapsed 1388.10s
epoch: 26, iter: 36025, avg_loss: 113.2569, kl: 1.9243, recon: 111.3326,time elapsed 1389.22s
kl weight 1.0000
VAL --- avg_loss: 104.3512, kl: 1.7989, mi: 1.6238, recon: 102.5523, nll: 104.3512, ppl: 119.1312
5 active units
update best loss
epoch: 27, iter: 36156, avg_loss: 102.3094, kl: 1.8699, recon: 100.4395,time elapsed 1391.10s
epoch: 27, iter: 36287, avg_loss: 104.2641, kl: 1.8801, recon: 102.3841,time elapsed 1392.23s
epoch: 27, iter: 36418, avg_loss: 109.7537, kl: 1.9268, recon: 107.8269,time elapsed 1393.35s
epoch: 27, iter: 36549, avg_loss: 105.7453, kl: 1.8680, recon: 103.8773,time elapsed 1394.67s
epoch: 27, iter: 36680, avg_loss: 100.1363, kl: 1.8137, recon: 98.3226,time elapsed 1395.92s
epoch: 27, iter: 36811, avg_loss: 101.1662, kl: 1.8691, recon: 99.2971,time elapsed 1397.08s
epoch: 27, iter: 36942, avg_loss: 102.1237, kl: 1.8586, recon: 100.2651,time elapsed 1398.19s
epoch: 27, iter: 37073, avg_loss: 98.9934, kl: 1.8613, recon: 97.1321,time elapsed 1399.30s
epoch: 27, iter: 37204, avg_loss: 109.7710, kl: 1.9432, recon: 107.8278,time elapsed 1400.42s
epoch: 27, iter: 37335, avg_loss: 107.2734, kl: 1.8981, recon: 105.3753,time elapsed 1401.50s
kl weight 1.0000
VAL --- avg_loss: 104.4127, kl: 1.7984, mi: 1.5097, recon: 102.6144, nll: 104.4127, ppl: 119.4675
5 active units
epoch: 28, iter: 37466, avg_loss: 62.5010, kl: 1.5845, recon: 60.9165,time elapsed 1403.40s
epoch: 28, iter: 37597, avg_loss: 101.9740, kl: 1.8564, recon: 100.1175,time elapsed 1404.48s
epoch: 28, iter: 37728, avg_loss: 99.0789, kl: 1.8368, recon: 97.2421,time elapsed 1405.53s
epoch: 28, iter: 37859, avg_loss: 103.4209, kl: 1.8359, recon: 101.5850,time elapsed 1406.67s
epoch: 28, iter: 37990, avg_loss: 101.9300, kl: 1.8656, recon: 100.0644,time elapsed 1407.88s
epoch: 28, iter: 38121, avg_loss: 105.9072, kl: 1.8660, recon: 104.0412,time elapsed 1408.98s
epoch: 28, iter: 38252, avg_loss: 108.7335, kl: 1.9311, recon: 106.8024,time elapsed 1410.17s
epoch: 28, iter: 38383, avg_loss: 104.7408, kl: 1.8717, recon: 102.8691,time elapsed 1411.27s
epoch: 28, iter: 38514, avg_loss: 102.6504, kl: 1.8238, recon: 100.8266,time elapsed 1412.42s
epoch: 28, iter: 38645, avg_loss: 110.5417, kl: 1.8463, recon: 108.6954,time elapsed 1413.60s
epoch: 28, iter: 38776, avg_loss: 106.0428, kl: 1.8364, recon: 104.2064,time elapsed 1414.73s
kl weight 1.0000
VAL --- avg_loss: 104.2666, kl: 1.7665, mi: 1.4907, recon: 102.5001, nll: 104.2666, ppl: 118.6703
5 active units
update best loss
epoch: 29, iter: 38907, avg_loss: 100.4556, kl: 1.8343, recon: 98.6214,time elapsed 1416.75s
epoch: 29, iter: 39038, avg_loss: 97.5161, kl: 1.8428, recon: 95.6733,time elapsed 1417.92s
epoch: 29, iter: 39169, avg_loss: 103.8624, kl: 1.8359, recon: 102.0264,time elapsed 1419.10s
epoch: 29, iter: 39300, avg_loss: 99.4485, kl: 1.7675, recon: 97.6810,time elapsed 1420.23s
epoch: 29, iter: 39431, avg_loss: 107.1822, kl: 1.8593, recon: 105.3229,time elapsed 1421.33s
epoch: 29, iter: 39562, avg_loss: 108.0013, kl: 1.8919, recon: 106.1094,time elapsed 1422.43s
epoch: 29, iter: 39693, avg_loss: 103.0656, kl: 1.8994, recon: 101.1662,time elapsed 1423.56s
epoch: 29, iter: 39824, avg_loss: 110.7639, kl: 1.8950, recon: 108.8689,time elapsed 1424.68s
epoch: 29, iter: 39955, avg_loss: 99.9011, kl: 1.7953, recon: 98.1058,time elapsed 1425.75s
epoch: 29, iter: 40086, avg_loss: 105.7459, kl: 1.8716, recon: 103.8743,time elapsed 1426.86s
kl weight 1.0000
VAL --- avg_loss: 104.5732, kl: 1.7595, mi: 1.4274, recon: 102.8137, nll: 104.5732, ppl: 120.3490
4 active units
epoch: 30, iter: 40217, avg_loss: 99.8432, kl: 1.8382, recon: 98.0049,time elapsed 1428.79s
epoch: 30, iter: 40348, avg_loss: 107.1585, kl: 1.8883, recon: 105.2702,time elapsed 1429.90s
epoch: 30, iter: 40479, avg_loss: 98.6632, kl: 1.8574, recon: 96.8058,time elapsed 1430.98s
epoch: 30, iter: 40610, avg_loss: 106.8414, kl: 1.8943, recon: 104.9471,time elapsed 1432.09s
epoch: 30, iter: 40741, avg_loss: 99.5336, kl: 1.7608, recon: 97.7728,time elapsed 1433.17s
epoch: 30, iter: 40872, avg_loss: 98.6170, kl: 1.7754, recon: 96.8415,time elapsed 1434.26s
epoch: 30, iter: 41003, avg_loss: 103.3613, kl: 1.8182, recon: 101.5431,time elapsed 1435.38s
epoch: 30, iter: 41134, avg_loss: 103.9426, kl: 1.8615, recon: 102.0811,time elapsed 1436.49s
epoch: 30, iter: 41265, avg_loss: 102.2264, kl: 1.8201, recon: 100.4063,time elapsed 1437.58s
epoch: 30, iter: 41396, avg_loss: 113.9498, kl: 1.9189, recon: 112.0309,time elapsed 1438.72s
kl weight 1.0000
VAL --- avg_loss: 104.1130, kl: 1.6878, mi: 1.3736, recon: 102.4252, nll: 104.1130, ppl: 117.8384
4 active units
update best loss
TEST --- avg_loss: 103.6443, kl: 1.6258, mi: 1.4402, recon: 102.0185, nll: 103.6443, ppl: 113.8219
epoch: 31, iter: 41527, avg_loss: 120.3132, kl: 1.9498, recon: 118.3635,time elapsed 1441.30s
epoch: 31, iter: 41658, avg_loss: 104.2170, kl: 1.8136, recon: 102.4034,time elapsed 1442.39s
epoch: 31, iter: 41789, avg_loss: 99.7337, kl: 1.8042, recon: 97.9295,time elapsed 1443.45s
epoch: 31, iter: 41920, avg_loss: 106.8417, kl: 1.8669, recon: 104.9748,time elapsed 1444.57s
epoch: 31, iter: 42051, avg_loss: 109.6893, kl: 1.8884, recon: 107.8009,time elapsed 1445.77s
epoch: 31, iter: 42182, avg_loss: 99.4177, kl: 1.8018, recon: 97.6159,time elapsed 1446.92s
epoch: 31, iter: 42313, avg_loss: 106.0642, kl: 1.8731, recon: 104.1911,time elapsed 1448.03s
epoch: 31, iter: 42444, avg_loss: 98.6463, kl: 1.7688, recon: 96.8776,time elapsed 1449.09s
epoch: 31, iter: 42575, avg_loss: 97.7277, kl: 1.8121, recon: 95.9156,time elapsed 1450.22s
epoch: 31, iter: 42706, avg_loss: 98.9529, kl: 1.8487, recon: 97.1042,time elapsed 1451.29s
kl weight 1.0000
VAL --- avg_loss: 103.7612, kl: 1.7054, mi: 1.4620, recon: 102.0558, nll: 103.7612, ppl: 115.9547
4 active units
update best loss
epoch: 32, iter: 42837, avg_loss: 103.3248, kl: 1.8618, recon: 101.4630,time elapsed 1453.30s
epoch: 32, iter: 42968, avg_loss: 107.8381, kl: 1.8539, recon: 105.9841,time elapsed 1454.50s
epoch: 32, iter: 43099, avg_loss: 102.6286, kl: 1.8030, recon: 100.8257,time elapsed 1455.64s
epoch: 32, iter: 43230, avg_loss: 97.2267, kl: 1.7743, recon: 95.4525,time elapsed 1456.74s
epoch: 32, iter: 43361, avg_loss: 101.9036, kl: 1.7867, recon: 100.1169,time elapsed 1457.85s
epoch: 32, iter: 43492, avg_loss: 112.9103, kl: 1.9363, recon: 110.9740,time elapsed 1459.21s
epoch: 32, iter: 43623, avg_loss: 106.1124, kl: 1.8496, recon: 104.2629,time elapsed 1460.50s
epoch: 32, iter: 43754, avg_loss: 101.6591, kl: 1.8147, recon: 99.8444,time elapsed 1461.62s
epoch: 32, iter: 43885, avg_loss: 104.4445, kl: 1.8625, recon: 102.5820,time elapsed 1462.75s
epoch: 32, iter: 44016, avg_loss: 104.7036, kl: 1.8494, recon: 102.8543,time elapsed 1463.86s
epoch: 32, iter: 44147, avg_loss: 92.3086, kl: 1.7846, recon: 90.5240,time elapsed 1464.89s
kl weight 1.0000
VAL --- avg_loss: 104.6062, kl: 1.7954, mi: 1.5670, recon: 102.8108, nll: 104.6062, ppl: 120.5306
4 active units
epoch: 33, iter: 44278, avg_loss: 97.2698, kl: 1.8268, recon: 95.4430,time elapsed 1466.67s
epoch: 33, iter: 44409, avg_loss: 106.7961, kl: 1.8777, recon: 104.9185,time elapsed 1467.84s
epoch: 33, iter: 44540, avg_loss: 103.4412, kl: 1.8525, recon: 101.5887,time elapsed 1468.94s
epoch: 33, iter: 44671, avg_loss: 109.4122, kl: 1.8964, recon: 107.5158,time elapsed 1470.06s
epoch: 33, iter: 44802, avg_loss: 94.8043, kl: 1.7785, recon: 93.0258,time elapsed 1471.10s
epoch: 33, iter: 44933, avg_loss: 99.7823, kl: 1.7937, recon: 97.9886,time elapsed 1472.17s
epoch: 33, iter: 45064, avg_loss: 102.7366, kl: 1.8268, recon: 100.9097,time elapsed 1473.25s
epoch: 33, iter: 45195, avg_loss: 107.9263, kl: 1.8469, recon: 106.0795,time elapsed 1474.35s
epoch: 33, iter: 45326, avg_loss: 100.0320, kl: 1.8028, recon: 98.2292,time elapsed 1475.41s
epoch: 33, iter: 45457, avg_loss: 103.4976, kl: 1.8351, recon: 101.6625,time elapsed 1476.49s
kl weight 1.0000
VAL --- avg_loss: 103.7096, kl: 1.7016, mi: 1.5090, recon: 102.0080, nll: 103.7096, ppl: 115.6808
4 active units
update best loss
epoch: 34, iter: 45588, avg_loss: 104.5144, kl: 1.8513, recon: 102.6631,time elapsed 1478.48s
epoch: 34, iter: 45719, avg_loss: 99.6582, kl: 1.8277, recon: 97.8305,time elapsed 1479.54s
epoch: 34, iter: 45850, avg_loss: 102.7138, kl: 1.8092, recon: 100.9046,time elapsed 1480.61s
epoch: 34, iter: 45981, avg_loss: 95.6719, kl: 1.7811, recon: 93.8907,time elapsed 1481.63s
epoch: 34, iter: 46112, avg_loss: 110.0393, kl: 1.9068, recon: 108.1325,time elapsed 1482.75s
epoch: 34, iter: 46243, avg_loss: 102.1944, kl: 1.8248, recon: 100.3696,time elapsed 1483.84s
epoch: 34, iter: 46374, avg_loss: 105.2016, kl: 1.8588, recon: 103.3428,time elapsed 1484.97s
epoch: 34, iter: 46505, avg_loss: 103.6572, kl: 1.8130, recon: 101.8443,time elapsed 1486.24s
epoch: 34, iter: 46636, avg_loss: 100.3504, kl: 1.7914, recon: 98.5589,time elapsed 1487.37s
epoch: 34, iter: 46767, avg_loss: 103.9349, kl: 1.7925, recon: 102.1425,time elapsed 1488.47s
kl weight 1.0000
VAL --- avg_loss: 103.4827, kl: 1.7536, mi: 1.4342, recon: 101.7292, nll: 103.4827, ppl: 114.4848
4 active units
update best loss
epoch: 35, iter: 46898, avg_loss: 99.5503, kl: 1.7911, recon: 97.7591,time elapsed 1490.41s
epoch: 35, iter: 47029, avg_loss: 99.6611, kl: 1.7813, recon: 97.8798,time elapsed 1491.61s
epoch: 35, iter: 47160, avg_loss: 107.7716, kl: 1.8275, recon: 105.9441,time elapsed 1492.71s
epoch: 35, iter: 47291, avg_loss: 108.0316, kl: 1.8792, recon: 106.1524,time elapsed 1493.81s
epoch: 35, iter: 47422, avg_loss: 95.1117, kl: 1.7447, recon: 93.3670,time elapsed 1494.84s
epoch: 35, iter: 47553, avg_loss: 101.9899, kl: 1.8236, recon: 100.1663,time elapsed 1495.91s
epoch: 35, iter: 47684, avg_loss: 98.9035, kl: 1.7943, recon: 97.1092,time elapsed 1496.95s
epoch: 35, iter: 47815, avg_loss: 105.1759, kl: 1.8482, recon: 103.3277,time elapsed 1498.34s
epoch: 35, iter: 47946, avg_loss: 106.7925, kl: 1.8486, recon: 104.9438,time elapsed 1499.64s
epoch: 35, iter: 48077, avg_loss: 104.7959, kl: 1.8024, recon: 102.9935,time elapsed 1500.89s
kl weight 1.0000
VAL --- avg_loss: 103.5043, kl: 1.7013, mi: 1.4863, recon: 101.8030, nll: 103.5043, ppl: 114.5977
4 active units
TEST --- avg_loss: 103.1471, kl: 1.6441, mi: 1.4297, recon: 101.5029, nll: 103.1471, ppl: 111.2657
epoch: 36, iter: 48208, avg_loss: 99.8044, kl: 1.8159, recon: 97.9886,time elapsed 1503.38s
epoch: 36, iter: 48339, avg_loss: 101.3040, kl: 1.7894, recon: 99.5146,time elapsed 1504.46s
epoch: 36, iter: 48470, avg_loss: 105.3085, kl: 1.8161, recon: 103.4924,time elapsed 1505.56s
epoch: 36, iter: 48601, avg_loss: 96.8699, kl: 1.7155, recon: 95.1543,time elapsed 1506.65s
epoch: 36, iter: 48732, avg_loss: 105.9165, kl: 1.8386, recon: 104.0778,time elapsed 1507.79s
epoch: 36, iter: 48863, avg_loss: 102.1924, kl: 1.7854, recon: 100.4070,time elapsed 1509.09s
epoch: 36, iter: 48994, avg_loss: 103.2904, kl: 1.8430, recon: 101.4473,time elapsed 1510.32s
epoch: 36, iter: 49125, avg_loss: 103.3577, kl: 1.7978, recon: 101.5599,time elapsed 1511.45s
epoch: 36, iter: 49256, avg_loss: 102.7326, kl: 1.7896, recon: 100.9430,time elapsed 1512.55s
epoch: 36, iter: 49387, avg_loss: 100.9841, kl: 1.7781, recon: 99.2060,time elapsed 1513.64s
kl weight 1.0000
VAL --- avg_loss: 103.5984, kl: 1.7754, mi: 1.3914, recon: 101.8230, nll: 103.5984, ppl: 115.0927
4 active units
new lr: 0.250000
epoch: 37, iter: 49518, avg_loss: 98.4342, kl: 1.8114, recon: 96.6228,time elapsed 1515.63s
epoch: 37, iter: 49649, avg_loss: 97.5704, kl: 1.8315, recon: 95.7390,time elapsed 1516.70s
epoch: 37, iter: 49780, avg_loss: 102.8349, kl: 1.7826, recon: 101.0523,time elapsed 1517.79s
epoch: 37, iter: 49911, avg_loss: 99.1335, kl: 1.7884, recon: 97.3451,time elapsed 1518.88s
epoch: 37, iter: 50042, avg_loss: 100.1993, kl: 1.8289, recon: 98.3704,time elapsed 1519.96s
epoch: 37, iter: 50173, avg_loss: 103.7959, kl: 1.8426, recon: 101.9533,time elapsed 1521.06s
epoch: 37, iter: 50304, avg_loss: 97.7738, kl: 1.8253, recon: 95.9485,time elapsed 1522.18s
epoch: 37, iter: 50435, avg_loss: 100.8918, kl: 1.8089, recon: 99.0829,time elapsed 1523.37s
epoch: 37, iter: 50566, avg_loss: 103.4059, kl: 1.8524, recon: 101.5535,time elapsed 1524.57s
epoch: 37, iter: 50697, avg_loss: 105.4710, kl: 1.8799, recon: 103.5911,time elapsed 1525.86s
epoch: 37, iter: 50828, avg_loss: 99.6133, kl: 1.7943, recon: 97.8190,time elapsed 1526.95s
kl weight 1.0000
VAL --- avg_loss: 102.9102, kl: 1.7368, mi: 1.4144, recon: 101.1734, nll: 102.9102, ppl: 111.5212
4 active units
update best loss
epoch: 38, iter: 50959, avg_loss: 100.0181, kl: 1.8462, recon: 98.1719,time elapsed 1528.96s
epoch: 38, iter: 51090, avg_loss: 98.6349, kl: 1.8186, recon: 96.8163,time elapsed 1530.03s
epoch: 38, iter: 51221, avg_loss: 100.3719, kl: 1.8370, recon: 98.5349,time elapsed 1531.09s
epoch: 38, iter: 51352, avg_loss: 104.1185, kl: 1.8579, recon: 102.2605,time elapsed 1532.18s
epoch: 38, iter: 51483, avg_loss: 94.7313, kl: 1.7808, recon: 92.9505,time elapsed 1533.22s
epoch: 38, iter: 51614, avg_loss: 108.5392, kl: 1.8846, recon: 106.6547,time elapsed 1534.34s
epoch: 38, iter: 51745, avg_loss: 104.1723, kl: 1.8527, recon: 102.3196,time elapsed 1535.43s
epoch: 38, iter: 51876, avg_loss: 99.1708, kl: 1.8198, recon: 97.3510,time elapsed 1536.59s
epoch: 38, iter: 52007, avg_loss: 96.9072, kl: 1.7686, recon: 95.1386,time elapsed 1537.70s
epoch: 38, iter: 52138, avg_loss: 103.7210, kl: 1.8550, recon: 101.8660,time elapsed 1538.95s
kl weight 1.0000
VAL --- avg_loss: 102.8336, kl: 1.7677, mi: 1.3596, recon: 101.0658, nll: 102.8336, ppl: 111.1304
4 active units
update best loss
epoch: 39, iter: 52269, avg_loss: 112.9259, kl: 1.9120, recon: 111.0139,time elapsed 1541.35s
epoch: 39, iter: 52400, avg_loss: 106.3046, kl: 1.8720, recon: 104.4326,time elapsed 1542.55s
epoch: 39, iter: 52531, avg_loss: 95.1276, kl: 1.7733, recon: 93.3543,time elapsed 1543.78s
epoch: 39, iter: 52662, avg_loss: 101.7020, kl: 1.8546, recon: 99.8474,time elapsed 1544.93s
epoch: 39, iter: 52793, avg_loss: 95.3203, kl: 1.7688, recon: 93.5515,time elapsed 1546.02s
epoch: 39, iter: 52924, avg_loss: 93.6467, kl: 1.7621, recon: 91.8846,time elapsed 1547.12s
epoch: 39, iter: 53055, avg_loss: 94.1359, kl: 1.7605, recon: 92.3754,time elapsed 1548.28s
epoch: 39, iter: 53186, avg_loss: 103.3873, kl: 1.8452, recon: 101.5421,time elapsed 1549.43s
epoch: 39, iter: 53317, avg_loss: 101.8403, kl: 1.8239, recon: 100.0164,time elapsed 1550.54s
epoch: 39, iter: 53448, avg_loss: 104.6442, kl: 1.8466, recon: 102.7976,time elapsed 1551.63s
kl weight 1.0000
VAL --- avg_loss: 103.0508, kl: 1.6479, mi: 1.3966, recon: 101.4028, nll: 103.0508, ppl: 112.2416
4 active units
epoch: 40, iter: 53579, avg_loss: 99.5037, kl: 1.7716, recon: 97.7322,time elapsed 1553.42s
epoch: 40, iter: 53710, avg_loss: 98.5145, kl: 1.7982, recon: 96.7164,time elapsed 1554.50s
epoch: 40, iter: 53841, avg_loss: 96.1215, kl: 1.8181, recon: 94.3033,time elapsed 1555.56s
epoch: 40, iter: 53972, avg_loss: 92.0546, kl: 1.7698, recon: 90.2848,time elapsed 1556.59s
epoch: 40, iter: 54103, avg_loss: 102.9805, kl: 1.8617, recon: 101.1188,time elapsed 1557.72s
epoch: 40, iter: 54234, avg_loss: 95.4490, kl: 1.8218, recon: 93.6271,time elapsed 1558.96s
epoch: 40, iter: 54365, avg_loss: 105.5068, kl: 1.8176, recon: 103.6892,time elapsed 1560.16s
epoch: 40, iter: 54496, avg_loss: 106.8129, kl: 1.8951, recon: 104.9178,time elapsed 1561.30s
epoch: 40, iter: 54627, avg_loss: 102.5831, kl: 1.8183, recon: 100.7648,time elapsed 1562.56s
epoch: 40, iter: 54758, avg_loss: 103.6866, kl: 1.8550, recon: 101.8317,time elapsed 1563.71s
kl weight 1.0000
VAL --- avg_loss: 102.7423, kl: 1.7303, mi: 1.4600, recon: 101.0120, nll: 102.7423, ppl: 110.6665
4 active units
update best loss
TEST --- avg_loss: 102.2406, kl: 1.6795, mi: 1.4490, recon: 100.5611, nll: 102.2406, ppl: 106.7525
epoch: 41, iter: 54889, avg_loss: 106.5562, kl: 1.8253, recon: 104.7309,time elapsed 1566.33s
epoch: 41, iter: 55020, avg_loss: 103.2818, kl: 1.8675, recon: 101.4143,time elapsed 1567.52s
epoch: 41, iter: 55151, avg_loss: 103.0668, kl: 1.8594, recon: 101.2074,time elapsed 1568.71s
epoch: 41, iter: 55282, avg_loss: 102.4075, kl: 1.8339, recon: 100.5735,time elapsed 1569.84s
epoch: 41, iter: 55413, avg_loss: 101.5179, kl: 1.8108, recon: 99.7072,time elapsed 1570.92s
epoch: 41, iter: 55544, avg_loss: 101.4168, kl: 1.8764, recon: 99.5403,time elapsed 1571.99s
epoch: 41, iter: 55675, avg_loss: 106.8755, kl: 1.9070, recon: 104.9685,time elapsed 1573.15s
epoch: 41, iter: 55806, avg_loss: 92.8124, kl: 1.7494, recon: 91.0630,time elapsed 1574.23s
epoch: 41, iter: 55937, avg_loss: 96.6750, kl: 1.7419, recon: 94.9331,time elapsed 1575.29s
epoch: 41, iter: 56068, avg_loss: 96.0205, kl: 1.7894, recon: 94.2311,time elapsed 1576.38s
kl weight 1.0000
VAL --- avg_loss: 102.7630, kl: 1.7061, mi: 1.4395, recon: 101.0569, nll: 102.7630, ppl: 110.7717
4 active units
epoch: 42, iter: 56199, avg_loss: 97.7040, kl: 1.7142, recon: 95.9898,time elapsed 1578.19s
epoch: 42, iter: 56330, avg_loss: 105.0393, kl: 1.8633, recon: 103.1760,time elapsed 1579.29s
epoch: 42, iter: 56461, avg_loss: 93.8487, kl: 1.8015, recon: 92.0472,time elapsed 1580.32s
epoch: 42, iter: 56592, avg_loss: 105.1861, kl: 1.8282, recon: 103.3579,time elapsed 1581.42s
epoch: 42, iter: 56723, avg_loss: 100.6969, kl: 1.8080, recon: 98.8889,time elapsed 1582.49s
epoch: 42, iter: 56854, avg_loss: 101.1945, kl: 1.8575, recon: 99.3369,time elapsed 1583.57s
epoch: 42, iter: 56985, avg_loss: 105.4659, kl: 1.8992, recon: 103.5666,time elapsed 1584.70s
epoch: 42, iter: 57116, avg_loss: 97.4066, kl: 1.7900, recon: 95.6165,time elapsed 1585.90s
epoch: 42, iter: 57247, avg_loss: 101.1998, kl: 1.8235, recon: 99.3763,time elapsed 1587.04s
epoch: 42, iter: 57378, avg_loss: 91.6801, kl: 1.6973, recon: 89.9828,time elapsed 1588.06s
epoch: 42, iter: 57509, avg_loss: 100.8768, kl: 1.7905, recon: 99.0864,time elapsed 1589.15s
kl weight 1.0000
VAL --- avg_loss: 102.9685, kl: 1.7263, mi: 1.3782, recon: 101.2422, nll: 102.9685, ppl: 111.8192
4 active units
new lr: 0.125000
epoch: 43, iter: 57640, avg_loss: 100.0613, kl: 1.8353, recon: 98.2260,time elapsed 1590.99s
epoch: 43, iter: 57771, avg_loss: 108.6711, kl: 1.9754, recon: 106.6958,time elapsed 1592.20s
epoch: 43, iter: 57902, avg_loss: 101.2831, kl: 1.8201, recon: 99.4630,time elapsed 1593.33s
epoch: 43, iter: 58033, avg_loss: 94.3182, kl: 1.7875, recon: 92.5307,time elapsed 1594.37s
epoch: 43, iter: 58164, avg_loss: 96.6106, kl: 1.8020, recon: 94.8086,time elapsed 1595.49s
epoch: 43, iter: 58295, avg_loss: 101.3845, kl: 1.8168, recon: 99.5676,time elapsed 1596.59s
epoch: 43, iter: 58426, avg_loss: 100.9728, kl: 1.8706, recon: 99.1022,time elapsed 1597.68s
epoch: 43, iter: 58557, avg_loss: 96.5882, kl: 1.8245, recon: 94.7636,time elapsed 1598.73s
epoch: 43, iter: 58688, avg_loss: 99.1095, kl: 1.7956, recon: 97.3139,time elapsed 1599.82s
epoch: 43, iter: 58819, avg_loss: 97.0379, kl: 1.7774, recon: 95.2605,time elapsed 1600.91s
kl weight 1.0000
VAL --- avg_loss: 102.6282, kl: 1.7137, mi: 1.4169, recon: 100.9145, nll: 102.6282, ppl: 110.0897
4 active units
update best loss
epoch: 44, iter: 58950, avg_loss: 95.1942, kl: 1.7904, recon: 93.4038,time elapsed 1602.80s
epoch: 44, iter: 59081, avg_loss: 105.1674, kl: 1.8598, recon: 103.3076,time elapsed 1603.92s
epoch: 44, iter: 59212, avg_loss: 97.3315, kl: 1.8246, recon: 95.5069,time elapsed 1604.98s
epoch: 44, iter: 59343, avg_loss: 95.4232, kl: 1.7767, recon: 93.6466,time elapsed 1606.18s
epoch: 44, iter: 59474, avg_loss: 94.9027, kl: 1.7820, recon: 93.1207,time elapsed 1607.32s
epoch: 44, iter: 59605, avg_loss: 102.6132, kl: 1.8118, recon: 100.8015,time elapsed 1608.43s
epoch: 44, iter: 59736, avg_loss: 92.0306, kl: 1.7575, recon: 90.2731,time elapsed 1609.59s
epoch: 44, iter: 59867, avg_loss: 98.3933, kl: 1.8129, recon: 96.5803,time elapsed 1610.73s
epoch: 44, iter: 59998, avg_loss: 104.9535, kl: 1.9078, recon: 103.0456,time elapsed 1611.86s
epoch: 44, iter: 60129, avg_loss: 103.1406, kl: 1.8839, recon: 101.2567,time elapsed 1612.97s
kl weight 1.0000
VAL --- avg_loss: 102.4988, kl: 1.7491, mi: 1.3985, recon: 100.7497, nll: 102.4988, ppl: 109.4392
4 active units
update best loss
epoch: 45, iter: 60260, avg_loss: 99.3982, kl: 1.8473, recon: 97.5509,time elapsed 1614.99s
epoch: 45, iter: 60391, avg_loss: 95.7842, kl: 1.8022, recon: 93.9820,time elapsed 1616.08s
epoch: 45, iter: 60522, avg_loss: 101.5722, kl: 1.8697, recon: 99.7025,time elapsed 1617.17s
epoch: 45, iter: 60653, avg_loss: 99.6328, kl: 1.8587, recon: 97.7741,time elapsed 1618.28s
epoch: 45, iter: 60784, avg_loss: 91.6709, kl: 1.7881, recon: 89.8828,time elapsed 1619.41s
epoch: 45, iter: 60915, avg_loss: 97.4014, kl: 1.8393, recon: 95.5620,time elapsed 1620.47s
epoch: 45, iter: 61046, avg_loss: 104.4411, kl: 1.8808, recon: 102.5603,time elapsed 1621.56s
epoch: 45, iter: 61177, avg_loss: 102.8468, kl: 1.8684, recon: 100.9784,time elapsed 1622.66s
epoch: 45, iter: 61308, avg_loss: 99.2953, kl: 1.8645, recon: 97.4308,time elapsed 1623.73s
epoch: 45, iter: 61439, avg_loss: 99.0827, kl: 1.8006, recon: 97.2820,time elapsed 1624.81s
kl weight 1.0000
VAL --- avg_loss: 102.8408, kl: 1.7304, mi: 1.5277, recon: 101.1104, nll: 102.8408, ppl: 111.1672
4 active units
TEST --- avg_loss: 102.3378, kl: 1.6750, mi: 1.4534, recon: 100.6627, nll: 102.3378, ppl: 107.2272
epoch: 46, iter: 61570, avg_loss: 90.4427, kl: 1.8139, recon: 88.6288,time elapsed 1627.21s
epoch: 46, iter: 61701, avg_loss: 96.2011, kl: 1.8076, recon: 94.3934,time elapsed 1628.40s
epoch: 46, iter: 61832, avg_loss: 101.1815, kl: 1.8422, recon: 99.3394,time elapsed 1629.52s
epoch: 46, iter: 61963, avg_loss: 97.7429, kl: 1.8123, recon: 95.9307,time elapsed 1630.67s
epoch: 46, iter: 62094, avg_loss: 97.5675, kl: 1.8526, recon: 95.7149,time elapsed 1631.85s
epoch: 46, iter: 62225, avg_loss: 102.0564, kl: 1.8547, recon: 100.2017,time elapsed 1632.98s
epoch: 46, iter: 62356, avg_loss: 101.5118, kl: 1.8709, recon: 99.6409,time elapsed 1634.06s
epoch: 46, iter: 62487, avg_loss: 101.4835, kl: 1.8769, recon: 99.6066,time elapsed 1635.15s
epoch: 46, iter: 62618, avg_loss: 98.9562, kl: 1.8362, recon: 97.1200,time elapsed 1636.27s
epoch: 46, iter: 62749, avg_loss: 100.3639, kl: 1.8447, recon: 98.5192,time elapsed 1637.46s
epoch: 46, iter: 62880, avg_loss: 95.7926, kl: 1.8155, recon: 93.9771,time elapsed 1638.59s
kl weight 1.0000
VAL --- avg_loss: 102.4689, kl: 1.7400, mi: 1.5279, recon: 100.7289, nll: 102.4689, ppl: 109.2892
4 active units
update best loss
epoch: 47, iter: 63011, avg_loss: 107.9934, kl: 1.9150, recon: 106.0784,time elapsed 1640.64s
epoch: 47, iter: 63142, avg_loss: 98.7876, kl: 1.7963, recon: 96.9913,time elapsed 1641.93s
epoch: 47, iter: 63273, avg_loss: 92.9154, kl: 1.8030, recon: 91.1124,time elapsed 1643.20s
epoch: 47, iter: 63404, avg_loss: 91.9686, kl: 1.7739, recon: 90.1948,time elapsed 1644.33s
epoch: 47, iter: 63535, avg_loss: 95.4516, kl: 1.7983, recon: 93.6533,time elapsed 1645.43s
epoch: 47, iter: 63666, avg_loss: 100.2362, kl: 1.8100, recon: 98.4262,time elapsed 1646.66s
epoch: 47, iter: 63797, avg_loss: 97.6454, kl: 1.8132, recon: 95.8322,time elapsed 1647.87s
epoch: 47, iter: 63928, avg_loss: 104.3144, kl: 1.8643, recon: 102.4501,time elapsed 1649.03s
epoch: 47, iter: 64059, avg_loss: 103.6808, kl: 1.8818, recon: 101.7990,time elapsed 1650.24s
epoch: 47, iter: 64190, avg_loss: 94.9215, kl: 1.7880, recon: 93.1335,time elapsed 1651.35s
kl weight 1.0000
VAL --- avg_loss: 102.4258, kl: 1.7297, mi: 1.4666, recon: 100.6962, nll: 102.4258, ppl: 109.0739
4 active units
update best loss
epoch: 48, iter: 64321, avg_loss: 102.4991, kl: 1.8497, recon: 100.6494,time elapsed 1653.41s
epoch: 48, iter: 64452, avg_loss: 100.9586, kl: 1.8610, recon: 99.0976,time elapsed 1654.52s
epoch: 48, iter: 64583, avg_loss: 103.2716, kl: 1.8763, recon: 101.3953,time elapsed 1655.63s
epoch: 48, iter: 64714, avg_loss: 99.6247, kl: 1.8619, recon: 97.7629,time elapsed 1656.80s
epoch: 48, iter: 64845, avg_loss: 94.8227, kl: 1.8065, recon: 93.0161,time elapsed 1657.96s
epoch: 48, iter: 64976, avg_loss: 98.3720, kl: 1.8319, recon: 96.5400,time elapsed 1659.27s
epoch: 48, iter: 65107, avg_loss: 96.1866, kl: 1.7934, recon: 94.3932,time elapsed 1660.61s
epoch: 48, iter: 65238, avg_loss: 100.8103, kl: 1.8486, recon: 98.9617,time elapsed 1661.86s
epoch: 48, iter: 65369, avg_loss: 100.1040, kl: 1.8424, recon: 98.2616,time elapsed 1663.02s
epoch: 48, iter: 65500, avg_loss: 92.7915, kl: 1.8035, recon: 90.9880,time elapsed 1664.09s
kl weight 1.0000
VAL --- avg_loss: 102.4352, kl: 1.7178, mi: 1.5454, recon: 100.7174, nll: 102.4352, ppl: 109.1206
4 active units
epoch: 49, iter: 65631, avg_loss: 97.1387, kl: 1.7906, recon: 95.3481,time elapsed 1665.88s
epoch: 49, iter: 65762, avg_loss: 92.9476, kl: 1.7344, recon: 91.2133,time elapsed 1667.04s
epoch: 49, iter: 65893, avg_loss: 98.9213, kl: 1.8364, recon: 97.0849,time elapsed 1668.22s
epoch: 49, iter: 66024, avg_loss: 101.9162, kl: 1.8826, recon: 100.0336,time elapsed 1669.37s
epoch: 49, iter: 66155, avg_loss: 90.8153, kl: 1.7528, recon: 89.0625,time elapsed 1670.41s
epoch: 49, iter: 66286, avg_loss: 104.1699, kl: 1.8710, recon: 102.2989,time elapsed 1671.52s
epoch: 49, iter: 66417, avg_loss: 100.0062, kl: 1.8176, recon: 98.1886,time elapsed 1672.71s
epoch: 49, iter: 66548, avg_loss: 102.1140, kl: 1.8369, recon: 100.2771,time elapsed 1673.83s
epoch: 49, iter: 66679, avg_loss: 98.2696, kl: 1.8518, recon: 96.4178,time elapsed 1674.91s
epoch: 49, iter: 66810, avg_loss: 102.1952, kl: 1.8559, recon: 100.3393,time elapsed 1676.01s
kl weight 1.0000
VAL --- avg_loss: 102.4213, kl: 1.7211, mi: 1.6459, recon: 100.7002, nll: 102.4213, ppl: 109.0513
4 active units
update best loss
epoch: 50, iter: 66941, avg_loss: 96.4493, kl: 1.7773, recon: 94.6720,time elapsed 1678.01s
epoch: 50, iter: 67072, avg_loss: 95.8380, kl: 1.8034, recon: 94.0345,time elapsed 1679.10s
epoch: 50, iter: 67203, avg_loss: 99.1966, kl: 1.8439, recon: 97.3527,time elapsed 1680.21s
epoch: 50, iter: 67334, avg_loss: 99.3608, kl: 1.8701, recon: 97.4907,time elapsed 1681.29s
epoch: 50, iter: 67465, avg_loss: 103.4156, kl: 1.8794, recon: 101.5362,time elapsed 1682.41s
epoch: 50, iter: 67596, avg_loss: 99.0467, kl: 1.7850, recon: 97.2617,time elapsed 1683.54s
epoch: 50, iter: 67727, avg_loss: 98.6694, kl: 1.8632, recon: 96.8061,time elapsed 1684.70s
epoch: 50, iter: 67858, avg_loss: 96.3535, kl: 1.8002, recon: 94.5533,time elapsed 1685.82s
epoch: 50, iter: 67989, avg_loss: 100.6802, kl: 1.8249, recon: 98.8553,time elapsed 1686.89s
epoch: 50, iter: 68120, avg_loss: 98.8088, kl: 1.8657, recon: 96.9431,time elapsed 1688.04s
kl weight 1.0000
VAL --- avg_loss: 102.3972, kl: 1.7092, mi: 1.4231, recon: 100.6880, nll: 102.3972, ppl: 108.9311
4 active units
update best loss
TEST --- avg_loss: 101.8961, kl: 1.6535, mi: 1.3714, recon: 100.2427, nll: 101.8961, ppl: 105.0857
epoch: 51, iter: 68251, avg_loss: 99.9567, kl: 1.8512, recon: 98.1055,time elapsed 1690.61s
epoch: 51, iter: 68382, avg_loss: 89.6881, kl: 1.7709, recon: 87.9172,time elapsed 1691.63s
epoch: 51, iter: 68513, avg_loss: 98.2479, kl: 1.8223, recon: 96.4256,time elapsed 1692.70s
epoch: 51, iter: 68644, avg_loss: 102.8855, kl: 1.8563, recon: 101.0293,time elapsed 1693.78s
epoch: 51, iter: 68775, avg_loss: 97.9651, kl: 1.7840, recon: 96.1811,time elapsed 1694.83s
epoch: 51, iter: 68906, avg_loss: 99.1773, kl: 1.8326, recon: 97.3447,time elapsed 1695.90s
epoch: 51, iter: 69037, avg_loss: 101.2841, kl: 1.8426, recon: 99.4415,time elapsed 1696.99s
epoch: 51, iter: 69168, avg_loss: 92.3901, kl: 1.7396, recon: 90.6505,time elapsed 1698.10s
epoch: 51, iter: 69299, avg_loss: 106.0288, kl: 1.8573, recon: 104.1715,time elapsed 1699.28s
epoch: 51, iter: 69430, avg_loss: 105.1757, kl: 1.9016, recon: 103.2740,time elapsed 1700.40s
epoch: 51, iter: 69561, avg_loss: 95.7439, kl: 1.7834, recon: 93.9606,time elapsed 1701.56s
kl weight 1.0000
VAL --- avg_loss: 102.3742, kl: 1.7541, mi: 1.4979, recon: 100.6201, nll: 102.3742, ppl: 108.8163
4 active units
update best loss
epoch: 52, iter: 69692, avg_loss: 97.3333, kl: 1.8691, recon: 95.4642,time elapsed 1703.44s
epoch: 52, iter: 69823, avg_loss: 94.4233, kl: 1.7938, recon: 92.6295,time elapsed 1704.49s
epoch: 52, iter: 69954, avg_loss: 95.8998, kl: 1.8018, recon: 94.0981,time elapsed 1705.56s
epoch: 52, iter: 70085, avg_loss: 95.7981, kl: 1.8152, recon: 93.9829,time elapsed 1706.81s
epoch: 52, iter: 70216, avg_loss: 106.2314, kl: 1.8936, recon: 104.3377,time elapsed 1708.03s
epoch: 52, iter: 70347, avg_loss: 95.4967, kl: 1.7851, recon: 93.7116,time elapsed 1709.14s
epoch: 52, iter: 70478, avg_loss: 98.3792, kl: 1.8647, recon: 96.5145,time elapsed 1710.22s
epoch: 52, iter: 70609, avg_loss: 104.2957, kl: 1.8622, recon: 102.4335,time elapsed 1711.35s
epoch: 52, iter: 70740, avg_loss: 101.3152, kl: 1.8218, recon: 99.4933,time elapsed 1712.45s
epoch: 52, iter: 70871, avg_loss: 102.8201, kl: 1.8465, recon: 100.9736,time elapsed 1713.55s
kl weight 1.0000
VAL --- avg_loss: 102.4420, kl: 1.6657, mi: 1.3282, recon: 100.7763, nll: 102.4420, ppl: 109.1548
4 active units
epoch: 53, iter: 71002, avg_loss: 99.7777, kl: 1.8044, recon: 97.9734,time elapsed 1715.35s
epoch: 53, iter: 71133, avg_loss: 99.2488, kl: 1.8325, recon: 97.4163,time elapsed 1716.45s
epoch: 53, iter: 71264, avg_loss: 103.4429, kl: 1.8965, recon: 101.5464,time elapsed 1717.55s
epoch: 53, iter: 71395, avg_loss: 98.4425, kl: 1.8367, recon: 96.6057,time elapsed 1718.64s
epoch: 53, iter: 71526, avg_loss: 102.4646, kl: 1.8519, recon: 100.6127,time elapsed 1719.75s
epoch: 53, iter: 71657, avg_loss: 97.3860, kl: 1.8381, recon: 95.5479,time elapsed 1720.96s
epoch: 53, iter: 71788, avg_loss: 100.3643, kl: 1.8367, recon: 98.5276,time elapsed 1722.10s
epoch: 53, iter: 71919, avg_loss: 98.6165, kl: 1.8073, recon: 96.8093,time elapsed 1723.23s
epoch: 53, iter: 72050, avg_loss: 96.0986, kl: 1.7724, recon: 94.3262,time elapsed 1724.38s
epoch: 53, iter: 72181, avg_loss: 97.4751, kl: 1.7687, recon: 95.7064,time elapsed 1725.63s
kl weight 1.0000
VAL --- avg_loss: 102.5146, kl: 1.7035, mi: 1.4967, recon: 100.8111, nll: 102.5146, ppl: 109.5181
4 active units
new lr: 0.062500
epoch: 54, iter: 72312, avg_loss: 99.5670, kl: 1.8302, recon: 97.7368,time elapsed 1727.81s
epoch: 54, iter: 72443, avg_loss: 93.4018, kl: 1.7464, recon: 91.6554,time elapsed 1728.95s
epoch: 54, iter: 72574, avg_loss: 92.8461, kl: 1.7880, recon: 91.0581,time elapsed 1730.09s
epoch: 54, iter: 72705, avg_loss: 97.0010, kl: 1.8436, recon: 95.1574,time elapsed 1731.24s
epoch: 54, iter: 72836, avg_loss: 98.6040, kl: 1.8285, recon: 96.7754,time elapsed 1732.38s
epoch: 54, iter: 72967, avg_loss: 99.0546, kl: 1.8075, recon: 97.2471,time elapsed 1733.45s
epoch: 54, iter: 73098, avg_loss: 99.3688, kl: 1.8424, recon: 97.5264,time elapsed 1734.52s
epoch: 54, iter: 73229, avg_loss: 100.5148, kl: 1.8466, recon: 98.6682,time elapsed 1735.60s
epoch: 54, iter: 73360, avg_loss: 108.8025, kl: 1.9235, recon: 106.8791,time elapsed 1736.75s
epoch: 54, iter: 73491, avg_loss: 97.1263, kl: 1.8080, recon: 95.3183,time elapsed 1737.91s
kl weight 1.0000
VAL --- avg_loss: 102.2535, kl: 1.7441, mi: 1.4356, recon: 100.5095, nll: 102.2535, ppl: 108.2163
4 active units
update best loss
epoch: 55, iter: 73622, avg_loss: 92.4563, kl: 1.7668, recon: 90.6896,time elapsed 1740.10s
epoch: 55, iter: 73753, avg_loss: 101.7768, kl: 1.8760, recon: 99.9009,time elapsed 1741.27s
epoch: 55, iter: 73884, avg_loss: 105.8700, kl: 1.8921, recon: 103.9778,time elapsed 1742.58s
epoch: 55, iter: 74015, avg_loss: 99.2047, kl: 1.8349, recon: 97.3698,time elapsed 1743.91s
epoch: 55, iter: 74146, avg_loss: 94.9501, kl: 1.7957, recon: 93.1543,time elapsed 1745.19s
epoch: 55, iter: 74277, avg_loss: 98.8950, kl: 1.8364, recon: 97.0586,time elapsed 1746.53s
epoch: 55, iter: 74408, avg_loss: 98.6426, kl: 1.8331, recon: 96.8096,time elapsed 1747.68s
epoch: 55, iter: 74539, avg_loss: 94.6960, kl: 1.8116, recon: 92.8844,time elapsed 1748.80s
epoch: 55, iter: 74670, avg_loss: 97.8315, kl: 1.8560, recon: 95.9755,time elapsed 1749.90s
epoch: 55, iter: 74801, avg_loss: 91.8430, kl: 1.7910, recon: 90.0520,time elapsed 1751.02s
kl weight 1.0000
VAL --- avg_loss: 102.1973, kl: 1.7181, mi: 1.4075, recon: 100.4792, nll: 102.1973, ppl: 107.9379
4 active units
update best loss
TEST --- avg_loss: 101.7078, kl: 1.6634, mi: 1.3350, recon: 100.0444, nll: 101.7078, ppl: 104.1856
epoch: 56, iter: 74932, avg_loss: 99.3612, kl: 1.9344, recon: 97.4269,time elapsed 1753.77s
epoch: 56, iter: 75063, avg_loss: 105.1363, kl: 1.8608, recon: 103.2754,time elapsed 1755.01s
epoch: 56, iter: 75194, avg_loss: 98.9541, kl: 1.8548, recon: 97.0993,time elapsed 1756.27s
epoch: 56, iter: 75325, avg_loss: 97.2933, kl: 1.8044, recon: 95.4889,time elapsed 1757.47s
epoch: 56, iter: 75456, avg_loss: 95.5677, kl: 1.8358, recon: 93.7318,time elapsed 1758.65s
epoch: 56, iter: 75587, avg_loss: 98.8066, kl: 1.7920, recon: 97.0146,time elapsed 1759.90s
epoch: 56, iter: 75718, avg_loss: 95.4026, kl: 1.7702, recon: 93.6325,time elapsed 1761.22s
epoch: 56, iter: 75849, avg_loss: 110.6804, kl: 1.9584, recon: 108.7220,time elapsed 1762.54s
epoch: 56, iter: 75980, avg_loss: 94.8163, kl: 1.8026, recon: 93.0137,time elapsed 1763.70s
epoch: 56, iter: 76111, avg_loss: 92.3164, kl: 1.7650, recon: 90.5514,time elapsed 1764.89s
epoch: 56, iter: 76242, avg_loss: 95.9761, kl: 1.8103, recon: 94.1658,time elapsed 1766.08s
kl weight 1.0000
VAL --- avg_loss: 102.3327, kl: 1.7579, mi: 1.4429, recon: 100.5748, nll: 102.3327, ppl: 108.6096
4 active units
epoch: 57, iter: 76373, avg_loss: 95.5724, kl: 1.8409, recon: 93.7315,time elapsed 1767.87s
epoch: 57, iter: 76504, avg_loss: 105.3865, kl: 1.9003, recon: 103.4862,time elapsed 1769.00s
epoch: 57, iter: 76635, avg_loss: 96.7338, kl: 1.8173, recon: 94.9166,time elapsed 1770.18s
epoch: 57, iter: 76766, avg_loss: 100.7930, kl: 1.8671, recon: 98.9259,time elapsed 1771.38s
epoch: 57, iter: 76897, avg_loss: 100.6667, kl: 1.8283, recon: 98.8383,time elapsed 1772.52s
epoch: 57, iter: 77028, avg_loss: 100.5351, kl: 1.8137, recon: 98.7213,time elapsed 1773.85s
epoch: 57, iter: 77159, avg_loss: 88.7436, kl: 1.7133, recon: 87.0303,time elapsed 1774.97s
epoch: 57, iter: 77290, avg_loss: 95.0786, kl: 1.7459, recon: 93.3327,time elapsed 1776.07s
epoch: 57, iter: 77421, avg_loss: 98.6613, kl: 1.8233, recon: 96.8379,time elapsed 1777.23s
epoch: 57, iter: 77552, avg_loss: 102.7021, kl: 1.8854, recon: 100.8167,time elapsed 1778.52s
kl weight 1.0000
VAL --- avg_loss: 102.2247, kl: 1.7506, mi: 1.4967, recon: 100.4741, nll: 102.2247, ppl: 108.0737
4 active units
new lr: 0.031250
TEST --- avg_loss: 101.7305, kl: 1.6634, mi: 1.3965, recon: 100.0670, nll: 101.7305, ppl: 104.2933
4 active units
iw nll computing 00%
iw nll computing 10%
iw nll computing 20%
iw nll computing 30%
iw nll computing 40%
iw nll computing 50%
iw nll computing 60%
iw nll computing 70%
iw nll computing 80%
iw nll computing 90%
iw nll: 101.1997, iw ppl: 101.7949
